..\Debug\Player.ilk
..\Debug\Player.pdb
D:\DROPBOX\DEV\ARDEVKITPLAYER\DEBUG\PLAYER.EXE
D:\DROPBOX\DEV\ARDEVKITPLAYER\DEBUG\PLAYER.ILK
D:\DROPBOX\DEV\ARDEVKITPLAYER\DEBUG\PLAYER.PDB
D:\Dropbox\dev\ARdevKitPlayer\Player\..\Debug\Player.exe
D:\DROPBOX\DEV\ARDEVKITPLAYER\PLAYER\DEBUG\ARELSCENE.OBJ
D:\Dropbox\dev\ARdevKitPlayer\Player\Debug\cl.command.1.tlog
D:\Dropbox\dev\ARdevKitPlayer\Player\Debug\CL.read.1.tlog
D:\Dropbox\dev\ARdevKitPlayer\Player\Debug\CL.write.1.tlog
D:\Dropbox\dev\ARdevKitPlayer\Player\Debug\custombuild.command.1.tlog
D:\Dropbox\dev\ARdevKitPlayer\Player\Debug\custombuild.read.1.tlog
D:\Dropbox\dev\ARdevKitPlayer\Player\Debug\custombuild.write.1.tlog
D:\Dropbox\dev\ARdevKitPlayer\Player\Debug\link.command.1.tlog
D:\Dropbox\dev\ARdevKitPlayer\Player\Debug\link.read.1.tlog
D:\Dropbox\dev\ARdevKitPlayer\Player\Debug\link.write.1.tlog
D:\DROPBOX\DEV\ARDEVKITPLAYER\PLAYER\DEBUG\MAIN.OBJ
D:\DROPBOX\DEV\ARDEVKITPLAYER\PLAYER\DEBUG\MOC_ARELSCENE.OBJ
D:\DROPBOX\DEV\ARDEVKITPLAYER\PLAYER\DEBUG\MOC_NATIVESCENE.OBJ
D:\DROPBOX\DEV\ARDEVKITPLAYER\PLAYER\DEBUG\MOC_PLAYER.OBJ
D:\DROPBOX\DEV\ARDEVKITPLAYER\PLAYER\DEBUG\MOC_SCENEBASE.OBJ
D:\Dropbox\dev\ARdevKitPlayer\Player\Debug\mt.command.1.tlog
D:\Dropbox\dev\ARdevKitPlayer\Player\Debug\mt.read.1.tlog
D:\Dropbox\dev\ARdevKitPlayer\Player\Debug\mt.write.1.tlog
D:\DROPBOX\DEV\ARDEVKITPLAYER\PLAYER\DEBUG\NATIVESCENE.OBJ
D:\DROPBOX\DEV\ARDEVKITPLAYER\PLAYER\DEBUG\PLAYER.EXE.INTERMEDIATE.MANIFEST
D:\DROPBOX\DEV\ARDEVKITPLAYER\PLAYER\DEBUG\PLAYER.OBJ
D:\DROPBOX\DEV\ARDEVKITPLAYER\PLAYER\DEBUG\PLAYER.PCH
D:\Dropbox\dev\ARdevKitPlayer\Player\Debug\Player.vcxprojResolveAssemblyReference.cache
D:\Dropbox\dev\ARdevKitPlayer\Player\Debug\Player.write.1.tlog
D:\DROPBOX\DEV\ARDEVKITPLAYER\PLAYER\DEBUG\QRC_PLAYER.OBJ
D:\DROPBOX\DEV\ARDEVKITPLAYER\PLAYER\DEBUG\SCENEBASE.OBJ
D:\DROPBOX\DEV\ARDEVKITPLAYER\PLAYER\DEBUG\STDAFX.OBJ
D:\DROPBOX\DEV\ARDEVKITPLAYER\PLAYER\DEBUG\VC100.PDB
D:\DROPBOX\DEV\ARDEVKITPLAYER\PLAYER\GENERATEDFILES\DEBUG\MOC_ARELSCENE.CPP
D:\DROPBOX\DEV\ARDEVKITPLAYER\PLAYER\GENERATEDFILES\DEBUG\MOC_NATIVESCENE.CPP
D:\DROPBOX\DEV\ARDEVKITPLAYER\PLAYER\GENERATEDFILES\DEBUG\MOC_PLAYER.CPP
D:\DROPBOX\DEV\ARDEVKITPLAYER\PLAYER\GENERATEDFILES\DEBUG\MOC_SCENEBASE.CPP
D:\DROPBOX\DEV\ARDEVKITPLAYER\PLAYER\GENERATEDFILES\QRC_PLAYER.CPP
D:\DROPBOX\DEV\ARDEVKITPLAYER\PLAYER\GENERATEDFILES\UI_PLAYER.H
